<?xml version="1.0" encoding="UTF-8"?>
<!-- Generated by org.testng.reporters.JUnitReportReporter -->
<testsuite name="com.bdtech.upstests.LoginTest" tests="1" time="21.262" ignored="4" failures="0" timestamp="29 Sep 2018 17:58:05 GMT" skipped="0" hostname="DESKTOP-GGT5FFC" errors="0">
  <testcase name="testLoginWithValidUIDAndWrongPassword" time="21.262" classname="com.bdtech.upstests.LoginTest"/>
  <testcase name="pageTitleTest" classname="com.bdtech.upstests.LoginTest">
    <skipped/>
  </testcase> <!-- pageTitleTest -->
  <testcase name="clickOnSignupLinkTest" classname="com.bdtech.upstests.LoginTest">
    <skipped/>
  </testcase> <!-- clickOnSignupLinkTest -->
  <testcase name="testLoginWithValidUidAndPass" classname="com.bdtech.upstests.LoginTest">
    <skipped/>
  </testcase> <!-- testLoginWithValidUidAndPass -->
  <testcase name="loginInputTest" classname="com.bdtech.upstests.LoginTest">
    <skipped/>
  </testcase> <!-- loginInputTest -->
</testsuite> <!-- com.bdtech.upstests.LoginTest -->
