<?xml version="1.0" encoding="UTF-8"?>
<!-- Generated by org.testng.reporters.JUnitReportReporter -->
<testsuite skipped="0" hostname="DESKTOP-GGT5FFC" name="com.bdtech.upstests.TrackingPageTest" tests="1" failures="0" timestamp="28 Jun 2018 04:25:47 GMT" time="16.267" errors="0">
  <testcase name="verifyPageLogoTest" time="16.267" classname="com.bdtech.upstests.TrackingPageTest"/>
</testsuite> <!-- com.bdtech.upstests.TrackingPageTest -->
