<?xml version="1.0" encoding="UTF-8"?>
<!-- Generated by org.testng.reporters.JUnitReportReporter -->
<testsuite skipped="0" hostname="DESKTOP-GGT5FFC" name="com.bdtechscriptbase.TestBase" tests="1" failures="0" timestamp="27 May 2018 19:00:55 GMT" time="19.665" errors="0">
  <testcase name="test" time="19.665" classname="com.bdtechscriptbase.TestBase"/>
</testsuite> <!-- com.bdtechscriptbase.TestBase -->
