<?xml version="1.0" encoding="UTF-8"?>
<!-- Generated by org.testng.reporters.JUnitReportReporter -->
<testsuite name="com.bdtech.upstests.ShippingPageTest" tests="1" time="34.758" ignored="8" failures="0" timestamp="28 Aug 2018 01:26:30 GMT" skipped="0" hostname="DESKTOP-GGT5FFC" errors="0">
  <testcase name="switchViewLinkTest" time="34.758" classname="com.bdtech.upstests.ShippingPageTest"/>
  <testcase name="loginLinkTest" classname="com.bdtech.upstests.ShippingPageTest">
    <skipped/>
  </testcase> <!-- loginLinkTest -->
  <testcase name="createShipmentTest3" classname="com.bdtech.upstests.ShippingPageTest">
    <skipped/>
  </testcase> <!-- createShipmentTest3 -->
  <testcase name="createShipmentTest2" classname="com.bdtech.upstests.ShippingPageTest">
    <skipped/>
  </testcase> <!-- createShipmentTest2 -->
  <testcase name="createShipmentTest1" classname="com.bdtech.upstests.ShippingPageTest">
    <skipped/>
  </testcase> <!-- createShipmentTest1 -->
  <testcase name="getTextTest" classname="com.bdtech.upstests.ShippingPageTest">
    <skipped/>
  </testcase> <!-- getTextTest -->
  <testcase name="createShipmentTest4" classname="com.bdtech.upstests.ShippingPageTest">
    <skipped/>
  </testcase> <!-- createShipmentTest4 -->
  <testcase name="createShipmentWithDifferentReturnAddressTest" classname="com.bdtech.upstests.ShippingPageTest">
    <skipped/>
  </testcase> <!-- createShipmentWithDifferentReturnAddressTest -->
  <testcase name="getTitleTest" classname="com.bdtech.upstests.ShippingPageTest">
    <skipped/>
  </testcase> <!-- getTitleTest -->
</testsuite> <!-- com.bdtech.upstests.ShippingPageTest -->
