<?xml version="1.0" encoding="UTF-8"?>
<!-- Generated by org.testng.reporters.JUnitReportReporter -->
<testsuite skipped="0" hostname="DESKTOP-GGT5FFC" name="com.bdtech.upstests.SignUpTest" tests="1" failures="0" timestamp="23 Jun 2018 15:59:09 GMT" time="14.998" errors="0">
  <testcase name="signUpTest" time="14.998" classname="com.bdtech.upstests.SignUpTest"/>
</testsuite> <!-- com.bdtech.upstests.SignUpTest -->
