<?xml version="1.0" encoding="UTF-8"?>
<!-- Generated by org.testng.reporters.JUnitReportReporter -->
<testsuite skipped="0" hostname="DESKTOP-GGT5FFC" name="upsAuto.UpsAutomationTest" tests="1" failures="0" timestamp="27 May 2018 17:58:16 GMT" time="13.722" errors="0">
  <testcase name="f" time="13.722" classname="upsAuto.UpsAutomationTest"/>
</testsuite> <!-- upsAuto.UpsAutomationTest -->
