<?xml version="1.0" encoding="UTF-8"?>
<!-- Generated by org.testng.reporters.JUnitReportReporter -->
<testsuite skipped="0" hostname="DESKTOP-GGT5FFC" name="com.bdtech.upstests.TrackAndTrackingPageTest" tests="1" failures="0" timestamp="20 Jun 2018 02:13:53 GMT" time="15.128" errors="0">
  <testcase name="trackByMailInnovationsReferenceTest" time="15.128" classname="com.bdtech.upstests.TrackAndTrackingPageTest"/>
</testsuite> <!-- com.bdtech.upstests.TrackAndTrackingPageTest -->
